{"C:\\Users\\Phillip\\codefellows\\401\\data-structure-and-algorithms\\ll_merge\\lib\\ll_merge.js": {"path":"C:\\Users\\Phillip\\codefellows\\401\\data-structure-and-algorithms\\ll_merge\\lib\\ll_merge.js","statementMap":{"0":{"start":{"line":5,"column":4},"end":{"line":5,"column":23}},"1":{"start":{"line":6,"column":4},"end":{"line":6,"column":21}},"2":{"start":{"line":7,"column":4},"end":{"line":7,"column":25}},"3":{"start":{"line":13,"column":4},"end":{"line":13,"column":21}},"4":{"start":{"line":14,"column":4},"end":{"line":14,"column":21}},"5":{"start":{"line":18,"column":15},"end":{"line":18,"column":30}},"6":{"start":{"line":19,"column":4},"end":{"line":27,"column":5}},"7":{"start":{"line":20,"column":6},"end":{"line":20,"column":23}},"8":{"start":{"line":21,"column":6},"end":{"line":21,"column":23}},"9":{"start":{"line":24,"column":6},"end":{"line":24,"column":28}},"10":{"start":{"line":25,"column":6},"end":{"line":25,"column":23}},"11":{"start":{"line":31,"column":19},"end":{"line":31,"column":29}},"12":{"start":{"line":32,"column":4},"end":{"line":44,"column":5}},"13":{"start":{"line":33,"column":6},"end":{"line":43,"column":7}},"14":{"start":{"line":34,"column":8},"end":{"line":34,"column":33}},"15":{"start":{"line":37,"column":23},"end":{"line":37,"column":36}},"16":{"start":{"line":38,"column":8},"end":{"line":38,"column":30}},"17":{"start":{"line":39,"column":8},"end":{"line":39,"column":33}},"18":{"start":{"line":40,"column":8},"end":{"line":40,"column":33}},"19":{"start":{"line":41,"column":8},"end":{"line":41,"column":33}},"20":{"start":{"line":42,"column":8},"end":{"line":42,"column":33}},"21":{"start":{"line":45,"column":4},"end":{"line":45,"column":17}},"22":{"start":{"line":50,"column":0},"end":{"line":50,"column":23}}},"fnMap":{"0":{"name":"(anonymous_0)","decl":{"start":{"line":4,"column":2},"end":{"line":4,"column":3}},"loc":{"start":{"line":4,"column":21},"end":{"line":8,"column":3}},"line":4},"1":{"name":"(anonymous_1)","decl":{"start":{"line":12,"column":2},"end":{"line":12,"column":3}},"loc":{"start":{"line":12,"column":16},"end":{"line":15,"column":3}},"line":12},"2":{"name":"(anonymous_2)","decl":{"start":{"line":17,"column":2},"end":{"line":17,"column":3}},"loc":{"start":{"line":17,"column":16},"end":{"line":28,"column":3}},"line":17},"3":{"name":"(anonymous_3)","decl":{"start":{"line":30,"column":2},"end":{"line":30,"column":3}},"loc":{"start":{"line":30,"column":24},"end":{"line":46,"column":3}},"line":30}},"branchMap":{"0":{"loc":{"start":{"line":19,"column":4},"end":{"line":27,"column":5}},"type":"if","locations":[{"start":{"line":19,"column":4},"end":{"line":27,"column":5}},{"start":{"line":19,"column":4},"end":{"line":27,"column":5}}],"line":19},"1":{"loc":{"start":{"line":33,"column":6},"end":{"line":43,"column":7}},"type":"if","locations":[{"start":{"line":33,"column":6},"end":{"line":43,"column":7}},{"start":{"line":33,"column":6},"end":{"line":43,"column":7}}],"line":33}},"s":{"0":2,"1":2,"2":2,"3":2,"4":2,"5":2,"6":2,"7":2,"8":2,"9":0,"10":0,"11":1,"12":1,"13":0,"14":0,"15":0,"16":0,"17":0,"18":0,"19":0,"20":0,"21":1,"22":1},"f":{"0":2,"1":2,"2":2,"3":1},"b":{"0":[2,0],"1":[0,0]},"_coverageSchema":"332fd63041d2c1bcb487cc26dd0d5f7d97098a6c","hash":"bf0539467cb334335ce13aaedf761aec6ae61652"}
}
