TN:
SF:C:\Users\Phillip\codefellows\401\data-structure-and-algorithms\ll_merge\lib\ll_merge.js
FN:4,(anonymous_0)
FN:12,(anonymous_1)
FN:17,(anonymous_2)
FN:30,(anonymous_3)
FNF:4
FNH:4
FNDA:2,(anonymous_0)
FNDA:2,(anonymous_1)
FNDA:2,(anonymous_2)
FNDA:1,(anonymous_3)
DA:5,2
DA:6,2
DA:7,2
DA:13,2
DA:14,2
DA:18,2
DA:19,2
DA:20,2
DA:21,2
DA:24,0
DA:25,0
DA:31,1
DA:32,1
DA:33,0
DA:34,0
DA:37,0
DA:38,0
DA:39,0
DA:40,0
DA:41,0
DA:42,0
DA:45,1
DA:50,1
LF:23
LH:13
BRDA:19,0,0,2
BRDA:19,0,1,0
BRDA:33,1,0,0
BRDA:33,1,1,0
BRF:4
BRH:1
end_of_record
