<?xml version="1.0" encoding="UTF-8"?>
<coverage generated="1527550405687" clover="3.2.0">
  <project timestamp="1527550405687" name="All files">
    <metrics statements="32" coveredstatements="23" conditionals="8" coveredconditionals="4" methods="5" coveredmethods="4" elements="45" coveredelements="31" complexity="0" loc="32" ncloc="32" packages="4" files="4" classes="4">
      <package name="array_adjacent_product.lib">
        <metrics statements="16" coveredstatements="7" conditionals="4" coveredconditionals="0" methods="1" coveredmethods="1"/>
        <file name="array_adjacent_product.js" path="C:\Users\Phillip\codefellows\401\data-structure-and-algorithms\array_adjacent_product\lib\array_adjacent_product.js">
          <metrics statements="16" coveredstatements="7" conditionals="4" coveredconditionals="0" methods="1" coveredmethods="1"/>
          <line num="4" count="1" type="stmt"/>
          <line num="5" count="1" type="stmt"/>
          <line num="6" count="1" type="stmt"/>
          <line num="8" count="1" type="stmt"/>
          <line num="9" count="3" type="stmt"/>
          <line num="11" count="0" type="stmt"/>
          <line num="13" count="0" type="stmt"/>
          <line num="15" count="0" type="stmt"/>
          <line num="17" count="0" type="stmt"/>
          <line num="20" count="0" type="cond" truecount="0" falsecount="2"/>
          <line num="21" count="0" type="stmt"/>
          <line num="22" count="0" type="stmt"/>
          <line num="23" count="0" type="cond" truecount="0" falsecount="2"/>
          <line num="24" count="0" type="stmt"/>
          <line num="56" count="1" type="stmt"/>
          <line num="60" count="1" type="stmt"/>
        </file>
      </package>
      <package name="array_binary_search">
        <metrics statements="5" coveredstatements="5" conditionals="2" coveredconditionals="2" methods="1" coveredmethods="1"/>
        <file name="array_binary_search.js" path="C:\Users\Phillip\codefellows\401\data-structure-and-algorithms\array_binary_search\array_binary_search.js">
          <metrics statements="5" coveredstatements="5" conditionals="2" coveredconditionals="2" methods="1" coveredmethods="1"/>
          <line num="2" count="2" type="stmt"/>
          <line num="3" count="10" type="cond" truecount="2" falsecount="0"/>
          <line num="4" count="1" type="stmt"/>
          <line num="7" count="1" type="stmt"/>
          <line num="10" count="1" type="stmt"/>
        </file>
      </package>
      <package name="array_shift">
        <metrics statements="10" coveredstatements="10" conditionals="2" coveredconditionals="2" methods="2" coveredmethods="2"/>
        <file name="array_shift.js" path="C:\Users\Phillip\codefellows\401\data-structure-and-algorithms\array_shift\array_shift.js">
          <metrics statements="10" coveredstatements="10" conditionals="2" coveredconditionals="2" methods="2" coveredmethods="2"/>
          <line num="2" count="3" type="stmt"/>
          <line num="3" count="3" type="stmt"/>
          <line num="4" count="3" type="stmt"/>
          <line num="5" count="6" type="stmt"/>
          <line num="7" count="3" type="stmt"/>
          <line num="8" count="3" type="stmt"/>
          <line num="12" count="3" type="cond" truecount="2" falsecount="0"/>
          <line num="13" count="1" type="stmt"/>
          <line num="15" count="3" type="stmt"/>
          <line num="19" count="1" type="stmt"/>
        </file>
      </package>
      <package name="starter-code.lib">
        <metrics statements="1" coveredstatements="1" conditionals="0" coveredconditionals="0" methods="1" coveredmethods="0"/>
        <file name="name.js" path="C:\Users\Phillip\codefellows\401\data-structure-and-algorithms\starter-code\lib\name.js">
          <metrics statements="1" coveredstatements="1" conditionals="0" coveredconditionals="0" methods="1" coveredmethods="0"/>
          <line num="9" count="1" type="stmt"/>
        </file>
      </package>
    </metrics>
  </project>
</coverage>
