{"C:\\Users\\Phillip\\codefellows\\401\\data-structure-and-algorithms\\array_adjacent_product\\lib\\array_adjacent_product.js": {"path":"C:\\Users\\Phillip\\codefellows\\401\\data-structure-and-algorithms\\array_adjacent_product\\lib\\array_adjacent_product.js","statementMap":{"0":{"start":{"line":4,"column":19},"end":{"line":4,"column":20}},"1":{"start":{"line":5,"column":17},"end":{"line":5,"column":37}},"2":{"start":{"line":6,"column":17},"end":{"line":6,"column":34}},"3":{"start":{"line":8,"column":2},"end":{"line":55,"column":3}},"4":{"start":{"line":9,"column":4},"end":{"line":54,"column":5}},"5":{"start":{"line":11,"column":27},"end":{"line":11,"column":28}},"6":{"start":{"line":13,"column":18},"end":{"line":13,"column":19}},"7":{"start":{"line":15,"column":16},"end":{"line":15,"column":46}},"8":{"start":{"line":17,"column":6},"end":{"line":17,"column":56}},"9":{"start":{"line":20,"column":6},"end":{"line":26,"column":7}},"10":{"start":{"line":21,"column":8},"end":{"line":21,"column":51}},"11":{"start":{"line":22,"column":8},"end":{"line":22,"column":37}},"12":{"start":{"line":23,"column":8},"end":{"line":25,"column":9}},"13":{"start":{"line":24,"column":10},"end":{"line":24,"column":38}},"14":{"start":{"line":56,"column":2},"end":{"line":56,"column":20}},"15":{"start":{"line":60,"column":0},"end":{"line":60,"column":32}}},"fnMap":{"0":{"name":"LargestProduct","decl":{"start":{"line":3,"column":9},"end":{"line":3,"column":23}},"loc":{"start":{"line":3,"column":32},"end":{"line":57,"column":1}},"line":3}},"branchMap":{"0":{"loc":{"start":{"line":20,"column":6},"end":{"line":26,"column":7}},"type":"if","locations":[{"start":{"line":20,"column":6},"end":{"line":26,"column":7}},{"start":{"line":20,"column":6},"end":{"line":26,"column":7}}],"line":20},"1":{"loc":{"start":{"line":23,"column":8},"end":{"line":25,"column":9}},"type":"if","locations":[{"start":{"line":23,"column":8},"end":{"line":25,"column":9}},{"start":{"line":23,"column":8},"end":{"line":25,"column":9}}],"line":23}},"s":{"0":0,"1":0,"2":0,"3":0,"4":0,"5":0,"6":0,"7":0,"8":0,"9":0,"10":0,"11":0,"12":0,"13":0,"14":0,"15":1},"f":{"0":0},"b":{"0":[0,0],"1":[0,0]},"_coverageSchema":"332fd63041d2c1bcb487cc26dd0d5f7d97098a6c","hash":"13c53c16d229ef895a4b0c7721df0f8aadc56a20"}
,"C:\\Users\\Phillip\\codefellows\\401\\data-structure-and-algorithms\\array_binary_search\\array_binary_search.js": {"path":"C:\\Users\\Phillip\\codefellows\\401\\data-structure-and-algorithms\\array_binary_search\\array_binary_search.js","statementMap":{"0":{"start":{"line":2,"column":2},"end":{"line":6,"column":3}},"1":{"start":{"line":3,"column":4},"end":{"line":5,"column":5}},"2":{"start":{"line":4,"column":6},"end":{"line":4,"column":15}},"3":{"start":{"line":7,"column":2},"end":{"line":7,"column":12}},"4":{"start":{"line":10,"column":0},"end":{"line":10,"column":30}}},"fnMap":{"0":{"name":"BinarySearch","decl":{"start":{"line":1,"column":9},"end":{"line":1,"column":21}},"loc":{"start":{"line":1,"column":30},"end":{"line":8,"column":1}},"line":1}},"branchMap":{"0":{"loc":{"start":{"line":3,"column":4},"end":{"line":5,"column":5}},"type":"if","locations":[{"start":{"line":3,"column":4},"end":{"line":5,"column":5}},{"start":{"line":3,"column":4},"end":{"line":5,"column":5}}],"line":3}},"s":{"0":0,"1":0,"2":0,"3":0,"4":1},"f":{"0":0},"b":{"0":[0,0]},"_coverageSchema":"332fd63041d2c1bcb487cc26dd0d5f7d97098a6c","hash":"2bf306809169fa6d150a6cb315c42740370b4216"}
,"C:\\Users\\Phillip\\codefellows\\401\\data-structure-and-algorithms\\array_shift\\array_shift.js": {"path":"C:\\Users\\Phillip\\codefellows\\401\\data-structure-and-algorithms\\array_shift\\array_shift.js","statementMap":{"0":{"start":{"line":2,"column":16},"end":{"line":2,"column":37}},"1":{"start":{"line":3,"column":2},"end":{"line":3,"column":15}},"2":{"start":{"line":4,"column":2},"end":{"line":6,"column":3}},"3":{"start":{"line":5,"column":4},"end":{"line":5,"column":22}},"4":{"start":{"line":7,"column":2},"end":{"line":7,"column":19}},"5":{"start":{"line":8,"column":2},"end":{"line":8,"column":13}},"6":{"start":{"line":12,"column":2},"end":{"line":14,"column":3}},"7":{"start":{"line":13,"column":4},"end":{"line":13,"column":15}},"8":{"start":{"line":15,"column":2},"end":{"line":15,"column":11}},"9":{"start":{"line":19,"column":0},"end":{"line":19,"column":34}}},"fnMap":{"0":{"name":"insertShiftArray","decl":{"start":{"line":1,"column":9},"end":{"line":1,"column":25}},"loc":{"start":{"line":1,"column":34},"end":{"line":9,"column":1}},"line":1},"1":{"name":"round","decl":{"start":{"line":11,"column":9},"end":{"line":11,"column":14}},"loc":{"start":{"line":11,"column":18},"end":{"line":16,"column":1}},"line":11}},"branchMap":{"0":{"loc":{"start":{"line":12,"column":2},"end":{"line":14,"column":3}},"type":"if","locations":[{"start":{"line":12,"column":2},"end":{"line":14,"column":3}},{"start":{"line":12,"column":2},"end":{"line":14,"column":3}}],"line":12}},"s":{"0":0,"1":0,"2":0,"3":0,"4":0,"5":0,"6":0,"7":0,"8":0,"9":1},"f":{"0":0,"1":0},"b":{"0":[0,0]},"_coverageSchema":"332fd63041d2c1bcb487cc26dd0d5f7d97098a6c","hash":"4c88b6450d0cb2f7cf149030e1e3d7a816f7c6a8"}
,"C:\\Users\\Phillip\\codefellows\\401\\data-structure-and-algorithms\\ll_insertions\\lib\\ll_insertions.js": {"path":"C:\\Users\\Phillip\\codefellows\\401\\data-structure-and-algorithms\\ll_insertions\\lib\\ll_insertions.js","statementMap":{"0":{"start":{"line":3,"column":13},"end":{"line":3,"column":33}},"1":{"start":{"line":8,"column":4},"end":{"line":8,"column":21}},"2":{"start":{"line":12,"column":4},"end":{"line":21,"column":5}},"3":{"start":{"line":13,"column":6},"end":{"line":13,"column":34}},"4":{"start":{"line":15,"column":17},"end":{"line":15,"column":26}},"5":{"start":{"line":17,"column":6},"end":{"line":19,"column":7}},"6":{"start":{"line":18,"column":8},"end":{"line":18,"column":25}},"7":{"start":{"line":20,"column":6},"end":{"line":20,"column":34}},"8":{"start":{"line":25,"column":15},"end":{"line":25,"column":31}},"9":{"start":{"line":27,"column":22},"end":{"line":27,"column":31}},"10":{"start":{"line":29,"column":4},"end":{"line":33,"column":5}},"11":{"start":{"line":30,"column":6},"end":{"line":30,"column":23}},"12":{"start":{"line":31,"column":6},"end":{"line":31,"column":35}},"13":{"start":{"line":32,"column":6},"end":{"line":32,"column":13}},"14":{"start":{"line":35,"column":4},"end":{"line":41,"column":5}},"15":{"start":{"line":36,"column":6},"end":{"line":40,"column":7}},"16":{"start":{"line":37,"column":8},"end":{"line":37,"column":14}},"17":{"start":{"line":39,"column":8},"end":{"line":39,"column":39}},"18":{"start":{"line":42,"column":4},"end":{"line":42,"column":33}},"19":{"start":{"line":43,"column":4},"end":{"line":43,"column":28}},"20":{"start":{"line":48,"column":15},"end":{"line":48,"column":31}},"21":{"start":{"line":50,"column":22},"end":{"line":50,"column":31}},"22":{"start":{"line":52,"column":4},"end":{"line":59,"column":5}},"23":{"start":{"line":54,"column":6},"end":{"line":58,"column":7}},"24":{"start":{"line":55,"column":8},"end":{"line":55,"column":37}},"25":{"start":{"line":56,"column":8},"end":{"line":56,"column":32}},"26":{"start":{"line":57,"column":8},"end":{"line":57,"column":14}},"27":{"start":{"line":61,"column":4},"end":{"line":61,"column":35}},"28":{"start":{"line":66,"column":0},"end":{"line":66,"column":28}}},"fnMap":{"0":{"name":"(anonymous_0)","decl":{"start":{"line":7,"column":2},"end":{"line":7,"column":3}},"loc":{"start":{"line":7,"column":16},"end":{"line":9,"column":3}},"line":7},"1":{"name":"(anonymous_1)","decl":{"start":{"line":11,"column":2},"end":{"line":11,"column":3}},"loc":{"start":{"line":11,"column":16},"end":{"line":22,"column":3}},"line":11},"2":{"name":"(anonymous_2)","decl":{"start":{"line":24,"column":2},"end":{"line":24,"column":3}},"loc":{"start":{"line":24,"column":30},"end":{"line":44,"column":3}},"line":24},"3":{"name":"(anonymous_3)","decl":{"start":{"line":46,"column":2},"end":{"line":46,"column":3}},"loc":{"start":{"line":46,"column":29},"end":{"line":62,"column":3}},"line":46}},"branchMap":{"0":{"loc":{"start":{"line":12,"column":4},"end":{"line":21,"column":5}},"type":"if","locations":[{"start":{"line":12,"column":4},"end":{"line":21,"column":5}},{"start":{"line":12,"column":4},"end":{"line":21,"column":5}}],"line":12},"1":{"loc":{"start":{"line":29,"column":4},"end":{"line":33,"column":5}},"type":"if","locations":[{"start":{"line":29,"column":4},"end":{"line":33,"column":5}},{"start":{"line":29,"column":4},"end":{"line":33,"column":5}}],"line":29},"2":{"loc":{"start":{"line":36,"column":6},"end":{"line":40,"column":7}},"type":"if","locations":[{"start":{"line":36,"column":6},"end":{"line":40,"column":7}},{"start":{"line":36,"column":6},"end":{"line":40,"column":7}}],"line":36},"3":{"loc":{"start":{"line":54,"column":6},"end":{"line":58,"column":7}},"type":"if","locations":[{"start":{"line":54,"column":6},"end":{"line":58,"column":7}},{"start":{"line":54,"column":6},"end":{"line":58,"column":7}}],"line":54}},"s":{"0":1,"1":1,"2":6,"3":1,"4":5,"5":5,"6":10,"7":5,"8":1,"9":1,"10":1,"11":0,"12":0,"13":0,"14":1,"15":1,"16":1,"17":0,"18":1,"19":1,"20":0,"21":0,"22":0,"23":0,"24":0,"25":0,"26":0,"27":0,"28":1},"f":{"0":1,"1":6,"2":1,"3":0},"b":{"0":[1,5],"1":[0,1],"2":[1,0],"3":[0,0]},"_coverageSchema":"332fd63041d2c1bcb487cc26dd0d5f7d97098a6c","hash":"0cb4621315dd6b71d55044481fc9555f2d30cdf2"}
,"C:\\Users\\Phillip\\codefellows\\401\\data-structure-and-algorithms\\ll_insertions\\lib\\node.js": {"path":"C:\\Users\\Phillip\\codefellows\\401\\data-structure-and-algorithms\\ll_insertions\\lib\\node.js","statementMap":{"0":{"start":{"line":3,"column":0},"end":{"line":8,"column":2}},"1":{"start":{"line":5,"column":4},"end":{"line":5,"column":23}},"2":{"start":{"line":6,"column":4},"end":{"line":6,"column":21}}},"fnMap":{"0":{"name":"(anonymous_0)","decl":{"start":{"line":4,"column":2},"end":{"line":4,"column":3}},"loc":{"start":{"line":4,"column":21},"end":{"line":7,"column":3}},"line":4}},"branchMap":{},"s":{"0":1,"1":7,"2":7},"f":{"0":7},"b":{},"_coverageSchema":"332fd63041d2c1bcb487cc26dd0d5f7d97098a6c","hash":"ead8acaa16529e56d72331d00bb498d8dcbdf123"}
,"C:\\Users\\Phillip\\codefellows\\401\\data-structure-and-algorithms\\ll_kth_from_end\\lib\\ll_kth.js": {"path":"C:\\Users\\Phillip\\codefellows\\401\\data-structure-and-algorithms\\ll_kth_from_end\\lib\\ll_kth.js","statementMap":{"0":{"start":{"line":4,"column":2},"end":{"line":6,"column":3}},"1":{"start":{"line":5,"column":4},"end":{"line":5,"column":21}},"2":{"start":{"line":8,"column":16},"end":{"line":8,"column":20}},"3":{"start":{"line":9,"column":23},"end":{"line":9,"column":27}},"4":{"start":{"line":11,"column":2},"end":{"line":16,"column":3}},"5":{"start":{"line":12,"column":4},"end":{"line":12,"column":27}},"6":{"start":{"line":13,"column":4},"end":{"line":15,"column":5}},"7":{"start":{"line":14,"column":6},"end":{"line":14,"column":23}},"8":{"start":{"line":18,"column":2},"end":{"line":21,"column":3}},"9":{"start":{"line":19,"column":4},"end":{"line":19,"column":41}},"10":{"start":{"line":20,"column":4},"end":{"line":20,"column":27}},"11":{"start":{"line":23,"column":2},"end":{"line":23,"column":24}},"12":{"start":{"line":27,"column":0},"end":{"line":27,"column":28}}},"fnMap":{"0":{"name":"kthElement","decl":{"start":{"line":3,"column":9},"end":{"line":3,"column":19}},"loc":{"start":{"line":3,"column":29},"end":{"line":24,"column":1}},"line":3}},"branchMap":{"0":{"loc":{"start":{"line":4,"column":2},"end":{"line":6,"column":3}},"type":"if","locations":[{"start":{"line":4,"column":2},"end":{"line":6,"column":3}},{"start":{"line":4,"column":2},"end":{"line":6,"column":3}}],"line":4},"1":{"loc":{"start":{"line":4,"column":6},"end":{"line":4,"column":20}},"type":"binary-expr","locations":[{"start":{"line":4,"column":6},"end":{"line":4,"column":11}},{"start":{"line":4,"column":15},"end":{"line":4,"column":20}}],"line":4},"2":{"loc":{"start":{"line":13,"column":4},"end":{"line":15,"column":5}},"type":"if","locations":[{"start":{"line":13,"column":4},"end":{"line":15,"column":5}},{"start":{"line":13,"column":4},"end":{"line":15,"column":5}}],"line":13}},"s":{"0":1,"1":0,"2":1,"3":1,"4":1,"5":0,"6":0,"7":0,"8":1,"9":0,"10":0,"11":1,"12":1},"f":{"0":1},"b":{"0":[0,1],"1":[1,1],"2":[0,0]},"_coverageSchema":"332fd63041d2c1bcb487cc26dd0d5f7d97098a6c","hash":"0e14b4c1d640ff546adf3397a2d8297a8a38a438"}
,"C:\\Users\\Phillip\\codefellows\\401\\data-structure-and-algorithms\\starter-code\\lib\\name.js": {"path":"C:\\Users\\Phillip\\codefellows\\401\\data-structure-and-algorithms\\starter-code\\lib\\name.js","statementMap":{"0":{"start":{"line":9,"column":0},"end":{"line":9,"column":22}}},"fnMap":{"0":{"name":"name","decl":{"start":{"line":3,"column":9},"end":{"line":3,"column":13}},"loc":{"start":{"line":3,"column":16},"end":{"line":6,"column":1}},"line":3}},"branchMap":{},"s":{"0":1},"f":{"0":0},"b":{},"_coverageSchema":"332fd63041d2c1bcb487cc26dd0d5f7d97098a6c","hash":"c44e644e8028b769d06bb5c0358c67ca776af41a"}
}
