{"C:\\Users\\Phillip\\codefellows\\401\\data-structure-and-algorithms\\array_adjacent_product\\lib\\array_adjacent_product.js": {"path":"C:\\Users\\Phillip\\codefellows\\401\\data-structure-and-algorithms\\array_adjacent_product\\lib\\array_adjacent_product.js","statementMap":{"0":{"start":{"line":4,"column":19},"end":{"line":4,"column":20}},"1":{"start":{"line":5,"column":17},"end":{"line":5,"column":37}},"2":{"start":{"line":6,"column":17},"end":{"line":6,"column":34}},"3":{"start":{"line":8,"column":2},"end":{"line":55,"column":3}},"4":{"start":{"line":9,"column":4},"end":{"line":54,"column":5}},"5":{"start":{"line":11,"column":27},"end":{"line":11,"column":28}},"6":{"start":{"line":13,"column":18},"end":{"line":13,"column":19}},"7":{"start":{"line":15,"column":16},"end":{"line":15,"column":46}},"8":{"start":{"line":17,"column":6},"end":{"line":17,"column":56}},"9":{"start":{"line":20,"column":6},"end":{"line":26,"column":7}},"10":{"start":{"line":21,"column":8},"end":{"line":21,"column":51}},"11":{"start":{"line":22,"column":8},"end":{"line":22,"column":37}},"12":{"start":{"line":23,"column":8},"end":{"line":25,"column":9}},"13":{"start":{"line":24,"column":10},"end":{"line":24,"column":38}},"14":{"start":{"line":56,"column":2},"end":{"line":56,"column":20}},"15":{"start":{"line":60,"column":0},"end":{"line":60,"column":32}}},"fnMap":{"0":{"name":"LargestProduct","decl":{"start":{"line":3,"column":9},"end":{"line":3,"column":23}},"loc":{"start":{"line":3,"column":32},"end":{"line":57,"column":1}},"line":3}},"branchMap":{"0":{"loc":{"start":{"line":20,"column":6},"end":{"line":26,"column":7}},"type":"if","locations":[{"start":{"line":20,"column":6},"end":{"line":26,"column":7}},{"start":{"line":20,"column":6},"end":{"line":26,"column":7}}],"line":20},"1":{"loc":{"start":{"line":23,"column":8},"end":{"line":25,"column":9}},"type":"if","locations":[{"start":{"line":23,"column":8},"end":{"line":25,"column":9}},{"start":{"line":23,"column":8},"end":{"line":25,"column":9}}],"line":23}},"s":{"0":1,"1":1,"2":1,"3":1,"4":3,"5":0,"6":0,"7":0,"8":0,"9":0,"10":0,"11":0,"12":0,"13":0,"14":1,"15":1},"f":{"0":1},"b":{"0":[0,0],"1":[0,0]},"_coverageSchema":"332fd63041d2c1bcb487cc26dd0d5f7d97098a6c","hash":"13c53c16d229ef895a4b0c7721df0f8aadc56a20"}
,"C:\\Users\\Phillip\\codefellows\\401\\data-structure-and-algorithms\\array_binary_search\\array_binary_search.js": {"path":"C:\\Users\\Phillip\\codefellows\\401\\data-structure-and-algorithms\\array_binary_search\\array_binary_search.js","statementMap":{"0":{"start":{"line":2,"column":2},"end":{"line":6,"column":3}},"1":{"start":{"line":3,"column":4},"end":{"line":5,"column":5}},"2":{"start":{"line":4,"column":6},"end":{"line":4,"column":15}},"3":{"start":{"line":7,"column":2},"end":{"line":7,"column":12}},"4":{"start":{"line":10,"column":0},"end":{"line":10,"column":30}}},"fnMap":{"0":{"name":"BinarySearch","decl":{"start":{"line":1,"column":9},"end":{"line":1,"column":21}},"loc":{"start":{"line":1,"column":30},"end":{"line":8,"column":1}},"line":1}},"branchMap":{"0":{"loc":{"start":{"line":3,"column":4},"end":{"line":5,"column":5}},"type":"if","locations":[{"start":{"line":3,"column":4},"end":{"line":5,"column":5}},{"start":{"line":3,"column":4},"end":{"line":5,"column":5}}],"line":3}},"s":{"0":2,"1":10,"2":1,"3":1,"4":1},"f":{"0":2},"b":{"0":[1,9]},"_coverageSchema":"332fd63041d2c1bcb487cc26dd0d5f7d97098a6c","hash":"2bf306809169fa6d150a6cb315c42740370b4216"}
,"C:\\Users\\Phillip\\codefellows\\401\\data-structure-and-algorithms\\array_shift\\array_shift.js": {"path":"C:\\Users\\Phillip\\codefellows\\401\\data-structure-and-algorithms\\array_shift\\array_shift.js","statementMap":{"0":{"start":{"line":2,"column":16},"end":{"line":2,"column":37}},"1":{"start":{"line":3,"column":2},"end":{"line":3,"column":15}},"2":{"start":{"line":4,"column":2},"end":{"line":6,"column":3}},"3":{"start":{"line":5,"column":4},"end":{"line":5,"column":22}},"4":{"start":{"line":7,"column":2},"end":{"line":7,"column":19}},"5":{"start":{"line":8,"column":2},"end":{"line":8,"column":13}},"6":{"start":{"line":12,"column":2},"end":{"line":14,"column":3}},"7":{"start":{"line":13,"column":4},"end":{"line":13,"column":15}},"8":{"start":{"line":15,"column":2},"end":{"line":15,"column":11}},"9":{"start":{"line":19,"column":0},"end":{"line":19,"column":34}}},"fnMap":{"0":{"name":"insertShiftArray","decl":{"start":{"line":1,"column":9},"end":{"line":1,"column":25}},"loc":{"start":{"line":1,"column":34},"end":{"line":9,"column":1}},"line":1},"1":{"name":"round","decl":{"start":{"line":11,"column":9},"end":{"line":11,"column":14}},"loc":{"start":{"line":11,"column":18},"end":{"line":16,"column":1}},"line":11}},"branchMap":{"0":{"loc":{"start":{"line":12,"column":2},"end":{"line":14,"column":3}},"type":"if","locations":[{"start":{"line":12,"column":2},"end":{"line":14,"column":3}},{"start":{"line":12,"column":2},"end":{"line":14,"column":3}}],"line":12}},"s":{"0":3,"1":3,"2":3,"3":6,"4":3,"5":3,"6":3,"7":1,"8":3,"9":1},"f":{"0":3,"1":3},"b":{"0":[1,2]},"_coverageSchema":"332fd63041d2c1bcb487cc26dd0d5f7d97098a6c","hash":"4c88b6450d0cb2f7cf149030e1e3d7a816f7c6a8"}
,"C:\\Users\\Phillip\\codefellows\\401\\data-structure-and-algorithms\\starter-code\\lib\\name.js": {"path":"C:\\Users\\Phillip\\codefellows\\401\\data-structure-and-algorithms\\starter-code\\lib\\name.js","statementMap":{"0":{"start":{"line":9,"column":0},"end":{"line":9,"column":22}}},"fnMap":{"0":{"name":"name","decl":{"start":{"line":3,"column":9},"end":{"line":3,"column":13}},"loc":{"start":{"line":3,"column":16},"end":{"line":6,"column":1}},"line":3}},"branchMap":{},"s":{"0":1},"f":{"0":0},"b":{},"_coverageSchema":"332fd63041d2c1bcb487cc26dd0d5f7d97098a6c","hash":"c44e644e8028b769d06bb5c0358c67ca776af41a"}
}
