TN:
SF:C:\Users\Phillip\codefellows\401\data-structure-and-algorithms\array_adjacent_product\lib\array_adjacent_product.js
FN:3,LargestProduct
FNF:1
FNH:0
FNDA:0,LargestProduct
DA:4,0
DA:5,0
DA:6,0
DA:8,0
DA:9,0
DA:11,0
DA:13,0
DA:15,0
DA:17,0
DA:20,0
DA:21,0
DA:22,0
DA:23,0
DA:24,0
DA:56,0
DA:60,1
LF:16
LH:1
BRDA:20,0,0,0
BRDA:20,0,1,0
BRDA:23,1,0,0
BRDA:23,1,1,0
BRF:4
BRH:0
end_of_record
TN:
SF:C:\Users\Phillip\codefellows\401\data-structure-and-algorithms\array_binary_search\array_binary_search.js
FN:1,BinarySearch
FNF:1
FNH:0
FNDA:0,BinarySearch
DA:2,0
DA:3,0
DA:4,0
DA:7,0
DA:10,1
LF:5
LH:1
BRDA:3,0,0,0
BRDA:3,0,1,0
BRF:2
BRH:0
end_of_record
TN:
SF:C:\Users\Phillip\codefellows\401\data-structure-and-algorithms\array_shift\array_shift.js
FN:1,insertShiftArray
FN:11,round
FNF:2
FNH:0
FNDA:0,insertShiftArray
FNDA:0,round
DA:2,0
DA:3,0
DA:4,0
DA:5,0
DA:7,0
DA:8,0
DA:12,0
DA:13,0
DA:15,0
DA:19,1
LF:10
LH:1
BRDA:12,0,0,0
BRDA:12,0,1,0
BRF:2
BRH:0
end_of_record
TN:
SF:C:\Users\Phillip\codefellows\401\data-structure-and-algorithms\breadth-first-traversal\lib\breadth-first.js
FN:5,(anonymous_0)
FN:14,(anonymous_1)
FN:19,(anonymous_2)
FN:31,(anonymous_3)
FN:50,(anonymous_4)
FNF:5
FNH:0
FNDA:0,(anonymous_0)
FNDA:0,(anonymous_1)
FNDA:0,(anonymous_2)
FNDA:0,(anonymous_3)
FNDA:0,(anonymous_4)
DA:6,0
DA:7,0
DA:8,0
DA:15,0
DA:20,0
DA:22,0
DA:23,0
DA:27,0
DA:32,0
DA:33,0
DA:34,0
DA:37,0
DA:41,0
DA:42,0
DA:45,0
DA:51,0
DA:52,0
DA:55,0
DA:57,0
DA:58,0
DA:59,0
DA:61,0
DA:62,0
DA:65,0
DA:66,0
DA:70,0
DA:74,1
LF:27
LH:1
BRDA:22,0,0,0
BRDA:22,0,1,0
BRDA:32,1,0,0
BRDA:32,1,1,0
BRDA:33,2,0,0
BRDA:33,2,1,0
BRDA:41,3,0,0
BRDA:41,3,1,0
BRDA:61,4,0,0
BRDA:61,4,1,0
BRDA:65,5,0,0
BRDA:65,5,1,0
BRF:12
BRH:0
end_of_record
TN:
SF:C:\Users\Phillip\codefellows\401\data-structure-and-algorithms\fifo_animal_shelter\lib\fifo_animal_shelter.js
FN:4,(anonymous_0)
FN:13,(anonymous_1)
FN:19,(anonymous_2)
FN:34,(anonymous_3)
FNF:4
FNH:0
FNDA:0,(anonymous_0)
FNDA:0,(anonymous_1)
FNDA:0,(anonymous_2)
FNDA:0,(anonymous_3)
DA:5,0
DA:6,0
DA:7,0
DA:14,0
DA:15,0
DA:16,0
DA:21,0
DA:23,0
DA:24,0
DA:25,0
DA:28,0
DA:29,0
DA:30,0
DA:36,0
DA:37,0
DA:38,0
DA:40,0
DA:41,0
DA:42,0
DA:43,0
DA:44,0
DA:46,0
DA:47,0
DA:49,0
DA:50,0
DA:53,0
DA:55,0
DA:57,0
DA:65,1
LF:29
LH:1
BRDA:23,0,0,0
BRDA:23,0,1,0
BRDA:41,1,0,0
BRDA:41,1,1,0
BRDA:49,2,0,0
BRDA:49,2,1,0
BRF:6
BRH:0
end_of_record
TN:
SF:C:\Users\Phillip\codefellows\401\data-structure-and-algorithms\find-maximum-value-binary-tree\lib\findMax.js
FN:5,(anonymous_0)
FN:14,(anonymous_1)
FN:19,(anonymous_2)
FN:31,(anonymous_3)
FN:50,(anonymous_4)
FN:53,(anonymous_5)
FNF:6
FNH:6
FNDA:9,(anonymous_0)
FNDA:3,(anonymous_1)
FNDA:9,(anonymous_2)
FNDA:9,(anonymous_3)
FNDA:3,(anonymous_4)
FNDA:9,(anonymous_5)
DA:6,9
DA:7,9
DA:8,9
DA:15,3
DA:20,9
DA:22,9
DA:23,3
DA:27,6
DA:32,9
DA:33,4
DA:34,3
DA:37,1
DA:41,5
DA:42,3
DA:45,2
DA:51,3
DA:53,3
DA:54,9
DA:55,3
DA:57,9
DA:58,3
DA:60,9
DA:63,3
DA:64,3
DA:68,1
LF:25
LH:25
BRDA:22,0,0,3
BRDA:22,0,1,6
BRDA:32,1,0,4
BRDA:32,1,1,5
BRDA:33,2,0,3
BRDA:33,2,1,1
BRDA:41,3,0,3
BRDA:41,3,1,2
BRDA:54,4,0,3
BRDA:54,4,1,6
BRDA:57,5,0,3
BRDA:57,5,1,6
BRDA:60,6,0,6
BRDA:60,6,1,3
BRF:14
BRH:14
end_of_record
TN:
SF:C:\Users\Phillip\codefellows\401\data-structure-and-algorithms\fizzBuzzTree\lib\fizzBuzz.js
FN:5,(anonymous_0)
FN:14,(anonymous_1)
FN:19,(anonymous_2)
FN:31,(anonymous_3)
FN:50,(anonymous_4)
FN:51,traverse
FN:65,checker
FNF:7
FNH:0
FNDA:0,(anonymous_0)
FNDA:0,(anonymous_1)
FNDA:0,(anonymous_2)
FNDA:0,(anonymous_3)
FNDA:0,(anonymous_4)
FNDA:0,traverse
FNDA:0,checker
DA:6,0
DA:7,0
DA:8,0
DA:15,0
DA:20,0
DA:22,0
DA:23,0
DA:27,0
DA:32,0
DA:33,0
DA:34,0
DA:37,0
DA:41,0
DA:42,0
DA:45,0
DA:52,0
DA:53,0
DA:54,0
DA:57,0
DA:59,0
DA:60,0
DA:66,0
DA:67,0
DA:69,0
DA:70,0
DA:72,0
DA:73,0
DA:75,0
DA:78,0
DA:82,1
LF:30
LH:1
BRDA:22,0,0,0
BRDA:22,0,1,0
BRDA:32,1,0,0
BRDA:32,1,1,0
BRDA:33,2,0,0
BRDA:33,2,1,0
BRDA:41,3,0,0
BRDA:41,3,1,0
BRDA:52,4,0,0
BRDA:52,4,1,0
BRDA:53,5,0,0
BRDA:53,5,1,0
BRDA:59,6,0,0
BRDA:59,6,1,0
BRDA:66,7,0,0
BRDA:66,7,1,0
BRDA:66,8,0,0
BRDA:66,8,1,0
BRDA:69,9,0,0
BRDA:69,9,1,0
BRDA:72,10,0,0
BRDA:72,10,1,0
BRF:22
BRH:0
end_of_record
TN:
SF:C:\Users\Phillip\codefellows\401\data-structure-and-algorithms\ll_detect_loop\lib\ll_detect.js
FN:5,(anonymous_0)
FN:13,(anonymous_1)
FN:18,(anonymous_2)
FN:30,(anonymous_3)
FNF:4
FNH:0
FNDA:0,(anonymous_0)
FNDA:0,(anonymous_1)
FNDA:0,(anonymous_2)
FNDA:0,(anonymous_3)
DA:6,0
DA:7,0
DA:14,0
DA:15,0
DA:19,0
DA:20,0
DA:21,0
DA:22,0
DA:25,0
DA:26,0
DA:31,0
DA:32,0
DA:33,0
DA:34,0
DA:36,0
DA:37,0
DA:38,0
DA:39,0
DA:41,0
DA:42,0
DA:43,0
DA:45,0
DA:47,0
DA:53,1
LF:24
LH:1
BRDA:20,0,0,0
BRDA:20,0,1,0
BRDA:36,1,0,0
BRDA:36,1,1,0
BRDA:41,2,0,0
BRDA:41,2,1,0
BRF:6
BRH:0
end_of_record
TN:
SF:C:\Users\Phillip\codefellows\401\data-structure-and-algorithms\ll_insertions\lib\ll_insertions.js
FN:4,(anonymous_0)
FN:12,(anonymous_1)
FN:16,(anonymous_2)
FN:29,(anonymous_3)
FN:51,(anonymous_4)
FNF:5
FNH:1
FNDA:0,(anonymous_0)
FNDA:1,(anonymous_1)
FNDA:0,(anonymous_2)
FNDA:0,(anonymous_3)
FNDA:0,(anonymous_4)
DA:5,0
DA:6,0
DA:13,1
DA:17,0
DA:18,0
DA:20,0
DA:22,0
DA:23,0
DA:25,0
DA:30,0
DA:32,0
DA:34,0
DA:35,0
DA:36,0
DA:37,0
DA:40,0
DA:41,0
DA:42,0
DA:44,0
DA:47,0
DA:48,0
DA:53,0
DA:55,0
DA:57,0
DA:59,0
DA:60,0
DA:61,0
DA:62,0
DA:63,0
DA:65,0
DA:69,0
DA:74,1
LF:32
LH:2
BRDA:17,0,0,0
BRDA:17,0,1,0
BRDA:34,1,0,0
BRDA:34,1,1,0
BRDA:41,2,0,0
BRDA:41,2,1,0
BRDA:59,3,0,0
BRDA:59,3,1,0
BRF:8
BRH:0
end_of_record
TN:
SF:C:\Users\Phillip\codefellows\401\data-structure-and-algorithms\ll_kth_from_end\lib\ll_kth.js
FN:3,kthElement
FNF:1
FNH:0
FNDA:0,kthElement
DA:4,0
DA:5,0
DA:8,0
DA:9,0
DA:11,0
DA:12,0
DA:13,0
DA:14,0
DA:18,0
DA:19,0
DA:20,0
DA:23,0
DA:27,1
LF:13
LH:1
BRDA:4,0,0,0
BRDA:4,0,1,0
BRDA:4,1,0,0
BRDA:4,1,1,0
BRDA:13,2,0,0
BRDA:13,2,1,0
BRF:6
BRH:0
end_of_record
TN:
SF:C:\Users\Phillip\codefellows\401\data-structure-and-algorithms\ll_merge\lib\ll_merge.js
FN:4,(anonymous_0)
FN:12,(anonymous_1)
FN:17,(anonymous_2)
FN:30,(anonymous_3)
FNF:4
FNH:0
FNDA:0,(anonymous_0)
FNDA:0,(anonymous_1)
FNDA:0,(anonymous_2)
FNDA:0,(anonymous_3)
DA:5,0
DA:6,0
DA:7,0
DA:13,0
DA:14,0
DA:18,0
DA:19,0
DA:20,0
DA:21,0
DA:24,0
DA:25,0
DA:31,0
DA:32,0
DA:33,0
DA:34,0
DA:37,0
DA:38,0
DA:39,0
DA:40,0
DA:41,0
DA:42,0
DA:45,0
DA:50,1
LF:23
LH:1
BRDA:19,0,0,0
BRDA:19,0,1,0
BRDA:33,1,0,0
BRDA:33,1,1,0
BRF:4
BRH:0
end_of_record
TN:
SF:C:\Users\Phillip\codefellows\401\data-structure-and-algorithms\multibracket-validation\lib\multi-bracket-validation.js
FN:3,preview
FN:7,multiBracketValidation
FNF:2
FNH:0
FNDA:0,preview
FNDA:0,multiBracketValidation
DA:4,0
DA:9,0
DA:11,0
DA:12,0
DA:18,0
DA:20,0
DA:21,0
DA:22,0
DA:23,0
DA:24,0
DA:25,0
DA:26,0
DA:28,0
DA:33,0
DA:38,1
LF:15
LH:1
BRDA:20,0,0,0
BRDA:20,0,1,0
BRDA:22,1,0,0
BRDA:22,1,1,0
BRDA:23,2,0,0
BRDA:23,2,1,0
BRDA:25,3,0,0
BRDA:25,3,1,0
BRF:8
BRH:0
end_of_record
TN:
SF:C:\Users\Phillip\codefellows\401\data-structure-and-algorithms\queue_with_stacks\lib\queue_w_stacks.js
FN:6,(anonymous_0)
FN:14,(anonymous_1)
FN:20,(anonymous_2)
FN:33,(anonymous_3)
FN:47,(anonymous_4)
FN:51,(anonymous_5)
FNF:6
FNH:0
FNDA:0,(anonymous_0)
FNDA:0,(anonymous_1)
FNDA:0,(anonymous_2)
FNDA:0,(anonymous_3)
FNDA:0,(anonymous_4)
FNDA:0,(anonymous_5)
DA:7,0
DA:8,0
DA:15,0
DA:16,0
DA:17,0
DA:21,0
DA:23,0
DA:24,0
DA:25,0
DA:27,0
DA:28,0
DA:29,0
DA:34,0
DA:35,0
DA:38,0
DA:41,0
DA:42,0
DA:43,0
DA:48,0
DA:53,0
DA:55,0
DA:56,0
DA:59,0
DA:60,0
DA:62,0
DA:63,0
DA:64,0
DA:65,0
DA:73,1
LF:29
LH:1
BRDA:23,0,0,0
BRDA:23,0,1,0
BRDA:34,1,0,0
BRDA:34,1,1,0
BRDA:55,2,0,0
BRDA:55,2,1,0
BRDA:62,3,0,0
BRDA:62,3,1,0
BRF:8
BRH:0
end_of_record
TN:
SF:C:\Users\Phillip\codefellows\401\data-structure-and-algorithms\starter-code\lib\name.js
FN:3,name
FNF:1
FNH:0
FNDA:0,name
DA:9,1
LF:1
LH:1
BRF:0
BRH:0
end_of_record
TN:
SF:C:\Users\Phillip\codefellows\401\data-structure-and-algorithms\towers-of-hanoi\lib\towers-of-hanoi.js
FN:3,towersOfHanoi
FNF:1
FNH:0
FNDA:0,towersOfHanoi
DA:5,0
DA:7,0
DA:9,0
DA:13,0
DA:19,1
LF:5
LH:1
BRDA:5,0,0,0
BRDA:5,0,1,0
BRF:2
BRH:0
end_of_record
