TN:
SF:C:\Users\Phillip\codefellows\401\data-structure-and-algorithms\array_adjacent_product\lib\array_adjacent_product.js
FN:3,LargestProduct
FNF:1
FNH:0
FNDA:0,LargestProduct
DA:4,0
DA:5,0
DA:6,0
DA:8,0
DA:9,0
DA:11,0
DA:13,0
DA:15,0
DA:17,0
DA:20,0
DA:21,0
DA:22,0
DA:23,0
DA:24,0
DA:56,0
DA:60,1
LF:16
LH:1
BRDA:20,0,0,0
BRDA:20,0,1,0
BRDA:23,1,0,0
BRDA:23,1,1,0
BRF:4
BRH:0
end_of_record
TN:
SF:C:\Users\Phillip\codefellows\401\data-structure-and-algorithms\array_binary_search\array_binary_search.js
FN:1,BinarySearch
FNF:1
FNH:0
FNDA:0,BinarySearch
DA:2,0
DA:3,0
DA:4,0
DA:7,0
DA:10,1
LF:5
LH:1
BRDA:3,0,0,0
BRDA:3,0,1,0
BRF:2
BRH:0
end_of_record
TN:
SF:C:\Users\Phillip\codefellows\401\data-structure-and-algorithms\array_shift\array_shift.js
FN:1,insertShiftArray
FN:11,round
FNF:2
FNH:0
FNDA:0,insertShiftArray
FNDA:0,round
DA:2,0
DA:3,0
DA:4,0
DA:5,0
DA:7,0
DA:8,0
DA:12,0
DA:13,0
DA:15,0
DA:19,1
LF:10
LH:1
BRDA:12,0,0,0
BRDA:12,0,1,0
BRF:2
BRH:0
end_of_record
TN:
SF:C:\Users\Phillip\codefellows\401\data-structure-and-algorithms\fifo_animal_shelter\lib\fifo_animal_shelter.js
FNF:0
FNH:0
DA:10,1
LF:1
LH:1
BRF:0
BRH:0
end_of_record
TN:
SF:C:\Users\Phillip\codefellows\401\data-structure-and-algorithms\ll_detect_loop\lib\ll_detect.js
FN:5,(anonymous_0)
FN:13,(anonymous_1)
FN:18,(anonymous_2)
FN:30,(anonymous_3)
FNF:4
FNH:0
FNDA:0,(anonymous_0)
FNDA:0,(anonymous_1)
FNDA:0,(anonymous_2)
FNDA:0,(anonymous_3)
DA:6,0
DA:7,0
DA:14,0
DA:15,0
DA:19,0
DA:20,0
DA:21,0
DA:22,0
DA:25,0
DA:26,0
DA:31,0
DA:32,0
DA:33,0
DA:34,0
DA:36,0
DA:37,0
DA:38,0
DA:39,0
DA:41,0
DA:42,0
DA:43,0
DA:45,0
DA:47,0
DA:53,1
LF:24
LH:1
BRDA:20,0,0,0
BRDA:20,0,1,0
BRDA:36,1,0,0
BRDA:36,1,1,0
BRDA:41,2,0,0
BRDA:41,2,1,0
BRF:6
BRH:0
end_of_record
TN:
SF:C:\Users\Phillip\codefellows\401\data-structure-and-algorithms\ll_insertions\lib\ll_insertions.js
FN:4,(anonymous_0)
FN:12,(anonymous_1)
FN:16,(anonymous_2)
FN:29,(anonymous_3)
FN:51,(anonymous_4)
FNF:5
FNH:1
FNDA:0,(anonymous_0)
FNDA:1,(anonymous_1)
FNDA:0,(anonymous_2)
FNDA:0,(anonymous_3)
FNDA:0,(anonymous_4)
DA:5,0
DA:6,0
DA:13,1
DA:17,0
DA:18,0
DA:20,0
DA:22,0
DA:23,0
DA:25,0
DA:30,0
DA:32,0
DA:34,0
DA:35,0
DA:36,0
DA:37,0
DA:40,0
DA:41,0
DA:42,0
DA:44,0
DA:47,0
DA:48,0
DA:53,0
DA:55,0
DA:57,0
DA:59,0
DA:60,0
DA:61,0
DA:62,0
DA:63,0
DA:65,0
DA:69,0
DA:74,1
LF:32
LH:2
BRDA:17,0,0,0
BRDA:17,0,1,0
BRDA:34,1,0,0
BRDA:34,1,1,0
BRDA:41,2,0,0
BRDA:41,2,1,0
BRDA:59,3,0,0
BRDA:59,3,1,0
BRF:8
BRH:0
end_of_record
TN:
SF:C:\Users\Phillip\codefellows\401\data-structure-and-algorithms\ll_kth_from_end\lib\ll_kth.js
FN:3,kthElement
FNF:1
FNH:0
FNDA:0,kthElement
DA:4,0
DA:5,0
DA:8,0
DA:9,0
DA:11,0
DA:12,0
DA:13,0
DA:14,0
DA:18,0
DA:19,0
DA:20,0
DA:23,0
DA:27,1
LF:13
LH:1
BRDA:4,0,0,0
BRDA:4,0,1,0
BRDA:4,1,0,0
BRDA:4,1,1,0
BRDA:13,2,0,0
BRDA:13,2,1,0
BRF:6
BRH:0
end_of_record
TN:
SF:C:\Users\Phillip\codefellows\401\data-structure-and-algorithms\ll_merge\lib\ll_merge.js
FN:4,(anonymous_0)
FN:12,(anonymous_1)
FN:17,(anonymous_2)
FN:30,(anonymous_3)
FNF:4
FNH:0
FNDA:0,(anonymous_0)
FNDA:0,(anonymous_1)
FNDA:0,(anonymous_2)
FNDA:0,(anonymous_3)
DA:5,0
DA:6,0
DA:7,0
DA:13,0
DA:14,0
DA:18,0
DA:19,0
DA:20,0
DA:21,0
DA:24,0
DA:25,0
DA:31,0
DA:32,0
DA:33,0
DA:34,0
DA:37,0
DA:38,0
DA:39,0
DA:40,0
DA:41,0
DA:42,0
DA:45,0
DA:50,1
LF:23
LH:1
BRDA:19,0,0,0
BRDA:19,0,1,0
BRDA:33,1,0,0
BRDA:33,1,1,0
BRF:4
BRH:0
end_of_record
TN:
SF:C:\Users\Phillip\codefellows\401\data-structure-and-algorithms\multibracket-validation\lib\multi-bracket-validation.js
FN:3,preview
FN:7,multiBracketValidation
FNF:2
FNH:2
FNDA:22,preview
FNDA:10,multiBracketValidation
DA:4,22
DA:9,10
DA:11,10
DA:12,10
DA:18,10
DA:20,87
DA:21,25
DA:22,62
DA:23,24
DA:24,2
DA:25,22
DA:26,0
DA:28,22
DA:33,8
DA:38,1
LF:15
LH:14
BRDA:20,0,0,25
BRDA:20,0,1,62
BRDA:22,1,0,24
BRDA:22,1,1,38
BRDA:23,2,0,2
BRDA:23,2,1,22
BRDA:25,3,0,0
BRDA:25,3,1,22
BRF:8
BRH:7
end_of_record
TN:
SF:C:\Users\Phillip\codefellows\401\data-structure-and-algorithms\queue_with_stacks\lib\queue_w_stacks.js
FN:5,(anonymous_0)
FNF:1
FNH:0
FNDA:0,(anonymous_0)
DA:12,1
LF:1
LH:1
BRF:0
BRH:0
end_of_record
TN:
SF:C:\Users\Phillip\codefellows\401\data-structure-and-algorithms\starter-code\lib\name.js
FN:3,name
FNF:1
FNH:0
FNDA:0,name
DA:9,1
LF:1
LH:1
BRF:0
BRH:0
end_of_record
TN:
SF:C:\Users\Phillip\codefellows\401\data-structure-and-algorithms\towers-of-hanoi\lib\towers-of-hanoi.js
FN:3,towersOfHanoi
FNF:1
FNH:1
FNDA:3,towersOfHanoi
DA:5,3
DA:7,1
DA:9,1
DA:13,1
DA:19,1
LF:5
LH:5
BRDA:5,0,0,1
BRDA:5,0,1,2
BRF:2
BRH:2
end_of_record
